<?xml version="1.0" encoding="UTF-8"?>
<!-- Generated by org.testng.reporters.JUnitXMLReporter -->
<testsuite ignored="0" hostname="DESKTOP-77NMEU4" failures="0" tests="4" name="Default test" time="12.018" errors="0" timestamp="2024-05-03T10:30:22 IST">
  <testcase classname="api.test.UserTests" name="testPostUser" time="4.363"/>
  <testcase classname="api.test.UserTests" name="testGetUserByName" time="1.839"/>
  <testcase classname="api.test.UserTests" name="testUpdateUserByName" time="3.196"/>
  <testcase classname="api.test.UserTests" name="testDeleteUserByName" time="1.519"/>
</testsuite> <!-- Default test -->
