<?xml version="1.0" encoding="UTF-8"?>
<!-- Generated by org.testng.reporters.JUnitXMLReporter -->
<testsuite ignored="0" hostname="DESKTOP-77NMEU4" failures="0" tests="4" name="PetTests" time="11.118" errors="0" timestamp="2024-05-04T10:48:08 IST">
  <testcase classname="api.test.UserTests" name="testPostUser" time="3.822"/>
  <testcase classname="api.test.UserTests" name="testGetUserByName" time="1.469"/>
  <testcase classname="api.test.UserTests" name="testUpdateUserByName" time="3.249"/>
  <testcase classname="api.test.UserTests" name="testDeleteUserByName" time="1.593"/>
</testsuite> <!-- PetTests -->
