<?xml version="1.0" encoding="UTF-8"?>
<!-- Generated by org.testng.reporters.JUnitXMLReporter -->
<testsuite ignored="0" hostname="DESKTOP-77NMEU4" failures="0" tests="4" name="PetTests" time="12.187" errors="0" timestamp="2024-05-03T11:47:56 IST">
  <testcase classname="api.test.UserTests" name="testPostUser" time="4.477"/>
  <testcase classname="api.test.UserTests" name="testGetUserByName" time="1.83"/>
  <testcase classname="api.test.UserTests" name="testUpdateUserByName" time="3.195"/>
  <testcase classname="api.test.UserTests" name="testDeleteUserByName" time="1.599"/>
</testsuite> <!-- PetTests -->
